Arguments: 
  C:\Program Files\nodejs\node.exe C:\Users\darkhrq\AppData\Roaming\npm\node_modules\yarn\bin\yarn.js

PATH: 
  C:\Windows\system32;C:\Windows;C:\Windows\System32\Wbem;C:\Windows\System32\WindowsPowerShell\v1.0\;C:\Windows\System32\OpenSSH\;C:\Program Files\dotnet\;C:\Program Files\Go\bin;C:\Program Files (x86)\NVIDIA Corporation\PhysX\Common;C:\Program Files\nodejs\;C:\Program Files\Git\cmd;C:\Users\darkhrq\AppData\Local\Microsoft\WindowsApps;C:\Users\darkhrq\go\bin;C:\Users\darkhrq\AppData\Local\Programs\Microsoft VS Code\bin;C:\Users\darkhrq\AppData\Roaming\npm;C:\src\flutter\bin;

Yarn version: 
  1.22.10

Node version: 
  14.16.0

Platform: 
  win32 x64

Trace: 
  Error: EPERM: operation not permitted, copyfile 'C:\Users\darkhrq\AppData\Local\Yarn\Cache\v6\npm-core-js-3.12.1-6b5af4ff55616c08a44d386f1f510917ff204112-integrity\node_modules\core-js\internals\path.js' -> 'C:\Users\darkhrq\Documents\code\cursoJS\mongoDB\node_modules\core-js\internals\path.js'

npm manifest: 
  {
    "name": "mongoDB",
    "version": "1.0.0",
    "description": "",
    "main": "server.js",
    "scripts": {
      "start": "nodemon server.js --ignore public --ignore frontend",
      "dev": "webpack -w"
    },
    "keywords": [],
    "author": "",
    "license": "ISC",
    "dependencies": {
      "connect-flash": "^0.1.1",
      "connect-mongo": "^4.4.1",
      "core-js": "^3.3.2",
      "css-loader": "^3.6.0",
      "csurf": "^1.11.0",
      "dotenv": "^9.0.2",
      "ejs": "^3.1.6",
      "express": "^4.17.1",
      "express-session": "^1.17.1",
      "helmet": "^4.6.0",
      "mongoose": "^5.12.10",
      "regenerator-runtime": "^0.13.3",
      "style-loader": "^1.3.0"
    },
    "devDependencies": {
      "nodemon": "^2.0.7",
      "@babel/cli": "^7.6.4",
      "@babel/core": "^7.6.4",
      "@babel/preset-env": "^7.6.3",
      "babel-loader": "^8.0.6",
      "webpack": "^4.41.2",
      "webpack-cli": "^3.3.9"
    }
  }

yarn manifest: 
  No manifest

Lockfile: 
  No lockfile
